[2023-03-15 14:07:55] production.DEBUG: Message-ID: <48943096ceef2a6d960f0e1080b40f94@gradx.test>
Date: Wed, 15 Mar 2023 14:07:54 +0000
Subject: Reset Password
From: Superio <support@superio.com>
To: admin@superio.test
MIME-Version: 1.0
Content-Type: text/html; charset=utf-8
Content-Transfer-Encoding: quoted-printable

<!DOCTYPE html>
<html xmlns="http://www.w3.org/1999/xhtml" xmlns:v="urn:schemas-microsoft-com:vml" xmlns:o="urn:schemas-microsoft-com:office:office">
    <head>
        <title></title>
        <meta http-equiv="X-UA-Compatible" content="IE=edge">
        <!--<![endif]-->
        <meta http-equiv="Content-Type" content="text/html; charset=UTF-8">
        <meta name="viewport" content="width=device-width, initial-scale=1">
        <link rel="stylesheet" id="google-font-css-css" href="https://fonts.googleapis.com/css?family=Poppins%3A400%2C500%2C600" type="text/css" media="all">
    <style type="text/css">@media screen and (max-width: 768px){.b-panel{padding: 15px;}.b-email-wrap{padding: 0px;}}</style>
</head>
    <body>
        <div class="b-email-wrap" style='background: #ebeef2; padding: 40px 0px; color: #1a2b48; font-size: 14px; font-weight: normal; line-height: 1.5; overflow-x: hidden; margin: 0px; font-family: "Poppins",sans-serif;'>
            <div class="" style="">
    <div class="b-container" style="max-width: 600px; margin: 0px auto;">
        <div class="b-header" style="padding: 30px; color: white; background: #2b5ea5;">
                        <h1 class="site-title" style="margin: 0px; display: block; text-align: center;">Superio</h1>
        </div>
    </div>
</div>

                <div class="b-container" style="max-width: 600px; margin: 0px auto;">
        <div class="b-panel" style="border: 1px solid rgba(0,0,0,.1); margin-bottom: 30px; padding: 30px; background: white;">
            <h1>Hello!</h1>
                    <p>You are receiving this email because we received a password reset request for your account.</p>
                    <p style="text-align: center;"><a href="https://gradx.test/password/reset/4f8c3e9b0b22b7fcc25329eb65f7e43a58336e478dbf42caed742c44d3a4ccda" style="border-radius: 3px; color: #fff; display: inline-block; text-decoration: none; background-color: #3490dc; border-top: 10px solid #3490dc; border-right: 18px solid #3490dc; border-bottom: 10px solid #3490dc; border-left: 18px solid #3490dc;">Reset Password</a></p>
                    <p>This password reset link expire in 60 minutes.</p>
                    <p>If you did not request a password reset, no further action is required.
                    </p>
                    <p>Regards,</p>
                    <p>Superio</p>
        </div>
    </div>

            <div class="b-footer" style="margin-top: 0px;">
    <div class="b-container" style="max-width: 600px; margin: 0px auto;">
        <p class="" style="text-align: center;">© 2021 Superio. All rights reserved</p>
    </div>
</div>        </div>
    </body>
</html>
  
[2023-03-15 14:19:32] production.DEBUG: Message-ID: <bf3b9cc903f728c3c7c78d596cb87da8@gradx.test>
Date: Wed, 15 Mar 2023 14:19:32 +0000
Subject: Reset Password
From: Superio <support@superio.com>
To: eyinka@outlook.com
MIME-Version: 1.0
Content-Type: text/html; charset=utf-8
Content-Transfer-Encoding: quoted-printable

<!DOCTYPE html>
<html xmlns="http://www.w3.org/1999/xhtml" xmlns:v="urn:schemas-microsoft-com:vml" xmlns:o="urn:schemas-microsoft-com:office:office">
    <head>
        <title></title>
        <meta http-equiv="X-UA-Compatible" content="IE=edge">
        <!--<![endif]-->
        <meta http-equiv="Content-Type" content="text/html; charset=UTF-8">
        <meta name="viewport" content="width=device-width, initial-scale=1">
        <link rel="stylesheet" id="google-font-css-css" href="https://fonts.googleapis.com/css?family=Poppins%3A400%2C500%2C600" type="text/css" media="all">
    <style type="text/css">@media screen and (max-width: 768px){.b-panel{padding: 15px;}.b-email-wrap{padding: 0px;}}</style>
</head>
    <body>
        <div class="b-email-wrap" style='background: #ebeef2; padding: 40px 0px; color: #1a2b48; font-size: 14px; font-weight: normal; line-height: 1.5; overflow-x: hidden; margin: 0px; font-family: "Poppins",sans-serif;'>
            <div class="" style="">
    <div class="b-container" style="max-width: 600px; margin: 0px auto;">
        <div class="b-header" style="padding: 30px; color: white; background: #2b5ea5;">
                        <h1 class="site-title" style="margin: 0px; display: block; text-align: center;">Superio</h1>
        </div>
    </div>
</div>

                <div class="b-container" style="max-width: 600px; margin: 0px auto;">
        <div class="b-panel" style="border: 1px solid rgba(0,0,0,.1); margin-bottom: 30px; padding: 30px; background: white;">
            <h1>Hello!</h1>
                    <p>You are receiving this email because we received a password reset request for your account.</p>
                    <p style="text-align: center;"><a href="https://gradx.test/password/reset/76d3918af1890b476097861cbe837ce6258a71c07b3a5c8c7b4c99ea784408d8" style="border-radius: 3px; color: #fff; display: inline-block; text-decoration: none; background-color: #3490dc; border-top: 10px solid #3490dc; border-right: 18px solid #3490dc; border-bottom: 10px solid #3490dc; border-left: 18px solid #3490dc;">Reset Password</a></p>
                    <p>This password reset link expire in 60 minutes.</p>
                    <p>If you did not request a password reset, no further action is required.
                    </p>
                    <p>Regards,</p>
                    <p>Superio</p>
        </div>
    </div>

            <div class="b-footer" style="margin-top: 0px;">
    <div class="b-container" style="max-width: 600px; margin: 0px auto;">
        <p class="" style="text-align: center;">© 2021 Superio. All rights reserved</p>
    </div>
</div>        </div>
    </body>
</html>
  
[2023-03-15 14:20:55] production.DEBUG: Message-ID: <0474d0ae1b0171f7548d8fb1dc19c4a9@gradx.test>
Date: Wed, 15 Mar 2023 14:20:54 +0000
Subject: Reset Password
From: Superio <support@superio.com>
To: eyinka@outlook.com
MIME-Version: 1.0
Content-Type: text/html; charset=utf-8
Content-Transfer-Encoding: quoted-printable

<!DOCTYPE html>
<html xmlns="http://www.w3.org/1999/xhtml" xmlns:v="urn:schemas-microsoft-com:vml" xmlns:o="urn:schemas-microsoft-com:office:office">
    <head>
        <title></title>
        <meta http-equiv="X-UA-Compatible" content="IE=edge">
        <!--<![endif]-->
        <meta http-equiv="Content-Type" content="text/html; charset=UTF-8">
        <meta name="viewport" content="width=device-width, initial-scale=1">
        <link rel="stylesheet" id="google-font-css-css" href="https://fonts.googleapis.com/css?family=Poppins%3A400%2C500%2C600" type="text/css" media="all">
    <style type="text/css">@media screen and (max-width: 768px){.b-panel{padding: 15px;}.b-email-wrap{padding: 0px;}}</style>
</head>
    <body>
        <div class="b-email-wrap" style='background: #ebeef2; padding: 40px 0px; color: #1a2b48; font-size: 14px; font-weight: normal; line-height: 1.5; overflow-x: hidden; margin: 0px; font-family: "Poppins",sans-serif;'>
            <div class="" style="">
    <div class="b-container" style="max-width: 600px; margin: 0px auto;">
        <div class="b-header" style="padding: 30px; color: white; background: #2b5ea5;">
                        <h1 class="site-title" style="margin: 0px; display: block; text-align: center;">Superio</h1>
        </div>
    </div>
</div>

                <div class="b-container" style="max-width: 600px; margin: 0px auto;">
        <div class="b-panel" style="border: 1px solid rgba(0,0,0,.1); margin-bottom: 30px; padding: 30px; background: white;">
            <h1>Hello!</h1>
                    <p>You are receiving this email because we received a password reset request for your account.</p>
                    <p style="text-align: center;"><a href="https://gradx.test/password/reset/714efb5bfa4a91721c835b94f26e897c581001971ad158541b820801157b9687" style="border-radius: 3px; color: #fff; display: inline-block; text-decoration: none; background-color: #3490dc; border-top: 10px solid #3490dc; border-right: 18px solid #3490dc; border-bottom: 10px solid #3490dc; border-left: 18px solid #3490dc;">Reset Password</a></p>
                    <p>This password reset link expire in 60 minutes.</p>
                    <p>If you did not request a password reset, no further action is required.
                    </p>
                    <p>Regards,</p>
                    <p>Superio</p>
        </div>
    </div>

            <div class="b-footer" style="margin-top: 0px;">
    <div class="b-container" style="max-width: 600px; margin: 0px auto;">
        <p class="" style="text-align: center;">© 2021 Superio. All rights reserved</p>
    </div>
</div>        </div>
    </body>
</html>
  
